[2023-06-26T23:23:23.153Z] error: Materia no encontrada
[2023-06-26T23:23:36.535Z] info: Materia creada con exito ID: 5
[2023-06-26T23:23:43.738Z] info: Materia creada con exito ID: 6
[2023-06-26T23:23:51.852Z] info: Materia ID:6 actualizada
[2023-06-26T23:23:59.727Z] info: Materia ID: 6 eliminada
[2023-06-26T23:24:18.913Z] error: Error al acceder a las materias
[2023-06-26T23:24:21.252Z] error: Error al acceder a la materia
[2023-06-26T23:24:28.607Z] error: Error al intentar insertar en la base de datos: SequelizeConnectionRefusedError: connect ECONNREFUSED ::1:3306
[2023-06-26T23:24:28.607Z] error: Error al intentar insertar en la base de datos: SequelizeConnectionRefusedError: connect ECONNREFUSED ::1:3306
[2023-06-26T23:24:31.076Z] error: Error al intentar actualizar la base de datos
[2023-06-26T23:24:32.810Z] error: Error al eliminar materia
[2023-06-26T23:24:54.773Z] error: Error al eliminar materia
[2023-07-05T18:27:02.334Z] info: Materia creada con exito ID: 7
[2023-07-05T18:32:55.987Z] error: Materia no encontrada
[2023-07-05T18:33:50.465Z] error: Materia no encontrada
[2023-07-05T18:33:54.076Z] error: Materia no encontrada
[2023-07-05T18:34:04.968Z] error: Materia no encontrada
[2023-07-05T18:35:07.956Z] error: Materia no encontrada
[2023-07-05T18:35:39.640Z] error: Materia no encontrada
[2023-07-05T18:35:54.288Z] error: Materia no encontrada
[2023-07-05T18:35:58.267Z] error: Materia no encontrada
[2023-07-05T18:36:01.047Z] error: Materia no encontrada
[2023-07-05T18:45:43.889Z] error: Materia no encontrada
[2023-07-05T18:46:18.875Z] info: Materia creada con exito ID: 8
[2023-07-05T18:54:06.095Z] error: Materia no encontrada
[2023-07-05T18:59:04.776Z] error: Materia no encontrada
[2023-07-05T18:59:36.302Z] error: Materia no encontrada
[2023-07-05T19:00:30.783Z] error: Materia no encontrada
[2023-07-05T19:01:53.094Z] info: Materia creada con exito ID: 9
[2023-07-05T19:01:55.398Z] error: Materia no encontrada
[2023-07-05T19:02:08.131Z] info: Materia ID:3 actualizada
[2023-07-05T19:04:59.545Z] info: Materia creada con exito ID: 10
